<?xml version="1.0" encoding="UTF-8"?>
<!-- Generated by org.testng.reporters.JUnitReportReporter -->
<testsuite skipped="0" hostname="Nagarjunas-MacBook-Pro-725.local" name="testcases.CreatePortfolioTest" tests="1" failures="0" timestamp="2022-04-17T17:17:32 EDT" time="9.122" errors="0">
  <testcase name="createPortFolioTest" time="9.122" classname="testcases.CreatePortfolioTest"/>
</testsuite> <!-- testcases.CreatePortfolioTest -->
